varsha-Inspiron-N5050
Linux varsha-Inspiron-N5050 3.2.0-23-generic-pae #36-Ubuntu SMP Tue Apr 10 22:19:09 UTC 2012 i686 i686 i386 GNU/Linux
.
..
assignment.log
assignment.log~
commands.sh
commands.sh~
hello.txt~
hi.txt~
move.sh
move.sh~
renamed_hello.txt
renamed_hi.txt
renamed_xa.txt
renamed_xb.txt
rename.sh
rename.sh~
rename.sh~~
renamex.sh
renamex.sh~
renamex.sh~~
/home/varsha/assignment
varsha adm cdrom sudo dip plugdev lpadmin sambashare
Mon Jul 14 07:37:12 IST 2014
renamed_hello.txt renamed_hi.txt
